<?xml version="1.0" encoding="UTF-8"?>
<!-- Generated by org.testng.reporters.JUnitReportReporter -->
<testsuite hostname="DESKTOP-6U2DI58" failures="0" tests="1" name="mynotesapp.CreateReminder" time="1.709" errors="0" timestamp="26 Feb 2022 03:53:03 GMT">
  <testcase classname="mynotesapp.CreateReminder" name="f" time="1.709"/>
</testsuite> <!-- mynotesapp.CreateReminder -->
