<?xml version="1.0" encoding="UTF-8"?>
<!-- Generated by org.testng.reporters.JUnitReportReporter -->
<testsuite hostname="DESKTOP-6U2DI58" failures="0" tests="1" name="mynotesapp.NewTest" time="1.652" errors="0" timestamp="24 Feb 2022 02:35:12 GMT">
  <testcase classname="mynotesapp.NewTest" name="f" time="1.652"/>
</testsuite> <!-- mynotesapp.NewTest -->
