<?xml version="1.0" encoding="UTF-8"?>
<!-- Generated by org.testng.reporters.JUnitReportReporter -->
<testsuite hostname="DESKTOP-0FTT6J4" failures="0" tests="6" name="NewTest" time="7.456" errors="0" timestamp="23 Feb 2022 17:42:42 GMT">
  <testcase classname="NewTest" name="updateUser" time="1.697"/>
  <testcase classname="NewTest" name="login" time="0.960"/>
  <testcase classname="NewTest" name="deleteUser" time="1.274"/>
  <testcase classname="NewTest" name="logout" time="1.019"/>
  <testcase classname="NewTest" name="updateProfile" time="1.428"/>
  <testcase classname="NewTest" name="register" time="1.078"/>
</testsuite> <!-- NewTest -->
