<?xml version="1.0" encoding="UTF-8"?>
<!-- Generated by org.testng.reporters.JUnitReportReporter -->
<testsuite hostname="DESKTOP-6U2DI58" failures="0" tests="1" name="mynotesapp.UpdateReminder" time="1.763" errors="0" timestamp="26 Feb 2022 03:57:24 GMT">
  <testcase classname="mynotesapp.UpdateReminder" name="f" time="1.763"/>
</testsuite> <!-- mynotesapp.UpdateReminder -->
