<?xml version="1.0" encoding="UTF-8"?>
<!-- Generated by org.testng.reporters.JUnitReportReporter -->
<testsuite hostname="DESKTOP-0FTT6J4" failures="0" tests="1" name="mynotesapp.NewTest" time="1.798" errors="0" timestamp="20 Feb 2022 05:34:18 GMT">
  <testcase classname="mynotesapp.NewTest" name="updateUser" time="1.798"/>
</testsuite> <!-- mynotesapp.NewTest -->
